{"level":"info","message":"MongoDB connected successfully","timestamp":"2025-08-26T08:35:11.459Z"}
{"environment":"development","level":"info","message":"Server running on port 5001","securityLayers":["Helmet (Security Headers)","Rate Limiting","Input Sanitization","CORS Protection","Security Monitoring","Error Handling"],"timestamp":"2025-08-26T08:35:11.463Z"}
{"level":"info","message":"SIGINT received, shutting down gracefully","timestamp":"2025-08-26T08:36:47.967Z"}
{"level":"info","message":"MongoDB connected successfully","timestamp":"2025-08-26T08:36:52.307Z"}
{"environment":"development","level":"info","message":"Server running on port 5001","securityLayers":["Helmet (Security Headers)","Rate Limiting","Input Sanitization","CORS Protection","Security Monitoring","Error Handling"],"timestamp":"2025-08-26T08:36:52.315Z"}
{"ip":"::1","level":"info","message":"Request received","method":"GET","path":"/api/products","timestamp":"2025-08-26T08:38:28.002Z","userAgent":"Mozilla/5.0 (Macintosh; Intel Mac OS X 10_15_7) AppleWebKit/605.1.15 (KHTML, like Gecko) Version/26.0 Safari/605.1.15"}
{"ip":"::1","level":"warn","message":"Unauthenticated API access attempt","path":"/api/products","timestamp":"2025-08-26T08:38:28.006Z"}
{"ip":"::1","level":"info","message":"Request received","method":"GET","path":"/api/reviews/latest","timestamp":"2025-08-26T08:38:28.030Z","userAgent":"Mozilla/5.0 (Macintosh; Intel Mac OS X 10_15_7) AppleWebKit/605.1.15 (KHTML, like Gecko) Version/26.0 Safari/605.1.15"}
{"ip":"::1","level":"warn","message":"Unauthenticated API access attempt","path":"/api/reviews/latest","timestamp":"2025-08-26T08:38:28.031Z"}
{"ip":"::1","level":"info","message":"Request received","method":"POST","path":"/api/auth/login","timestamp":"2025-08-26T08:38:42.792Z","userAgent":"Mozilla/5.0 (Macintosh; Intel Mac OS X 10_15_7) AppleWebKit/605.1.15 (KHTML, like Gecko) Version/26.0 Safari/605.1.15"}
{"duration":111,"ip":"::1","level":"warn","message":"Error response","method":"POST","path":"/login","statusCode":400,"timestamp":"2025-08-26T08:38:42.904Z"}
{"ip":"::1","level":"info","message":"Request received","method":"POST","path":"/api/auth/login","timestamp":"2025-08-26T08:38:58.138Z","userAgent":"Mozilla/5.0 (Macintosh; Intel Mac OS X 10_15_7) AppleWebKit/605.1.15 (KHTML, like Gecko) Version/26.0 Safari/605.1.15"}
{"ip":"::1","level":"info","message":"Request received","method":"GET","path":"/api/user/profile","timestamp":"2025-08-26T08:38:58.378Z","userAgent":"Mozilla/5.0 (Macintosh; Intel Mac OS X 10_15_7) AppleWebKit/605.1.15 (KHTML, like Gecko) Version/26.0 Safari/605.1.15"}
{"hasToken":true,"ip":"::1","level":"info","message":"JWT authentication attempt","path":"/api/user/profile","timestamp":"2025-08-26T08:38:58.378Z"}
{"ip":"::1","level":"info","message":"Request received","method":"GET","path":"/api/user/cart","timestamp":"2025-08-26T08:38:58.505Z","userAgent":"Mozilla/5.0 (Macintosh; Intel Mac OS X 10_15_7) AppleWebKit/605.1.15 (KHTML, like Gecko) Version/26.0 Safari/605.1.15"}
{"hasToken":true,"ip":"::1","level":"info","message":"JWT authentication attempt","path":"/api/user/cart","timestamp":"2025-08-26T08:38:58.506Z"}
{"ip":"::1","level":"info","message":"Request received","method":"GET","path":"/api/user/purchases","timestamp":"2025-08-26T08:38:58.511Z","userAgent":"Mozilla/5.0 (Macintosh; Intel Mac OS X 10_15_7) AppleWebKit/605.1.15 (KHTML, like Gecko) Version/26.0 Safari/605.1.15"}
{"hasToken":true,"ip":"::1","level":"info","message":"JWT authentication attempt","path":"/api/user/purchases","timestamp":"2025-08-26T08:38:58.511Z"}
{"ip":"::1","level":"info","message":"Request received","method":"GET","path":"/api/recommendations/content-based","timestamp":"2025-08-26T08:38:58.600Z","userAgent":"Mozilla/5.0 (Macintosh; Intel Mac OS X 10_15_7) AppleWebKit/605.1.15 (KHTML, like Gecko) Version/26.0 Safari/605.1.15"}
{"hasToken":true,"ip":"::1","level":"info","message":"JWT authentication attempt","path":"/api/recommendations/content-based","timestamp":"2025-08-26T08:38:58.600Z"}
{"ip":"::1","level":"info","message":"Request received","method":"GET","path":"/api/products","timestamp":"2025-08-26T08:38:58.601Z","userAgent":"Mozilla/5.0 (Macintosh; Intel Mac OS X 10_15_7) AppleWebKit/605.1.15 (KHTML, like Gecko) Version/26.0 Safari/605.1.15"}
{"hasToken":true,"ip":"::1","level":"info","message":"JWT authentication attempt","path":"/api/products","timestamp":"2025-08-26T08:38:58.602Z"}
{"ip":"::1","level":"info","message":"Request received","method":"GET","path":"/api/recommendations/suggest-new-products","timestamp":"2025-08-26T08:38:58.604Z","userAgent":"Mozilla/5.0 (Macintosh; Intel Mac OS X 10_15_7) AppleWebKit/605.1.15 (KHTML, like Gecko) Version/26.0 Safari/605.1.15"}
{"hasToken":true,"ip":"::1","level":"info","message":"JWT authentication attempt","path":"/api/recommendations/suggest-new-products","timestamp":"2025-08-26T08:38:58.604Z"}
{"ip":"::1","level":"info","message":"Request received","method":"GET","path":"/api/reviews/latest","timestamp":"2025-08-26T08:38:58.610Z","userAgent":"Mozilla/5.0 (Macintosh; Intel Mac OS X 10_15_7) AppleWebKit/605.1.15 (KHTML, like Gecko) Version/26.0 Safari/605.1.15"}
{"hasToken":true,"ip":"::1","level":"info","message":"JWT authentication attempt","path":"/api/reviews/latest","timestamp":"2025-08-26T08:38:58.610Z"}
{"duration":13709,"ip":"::1","level":"warn","message":"Error response","method":"GET","path":"/suggest-new-products","statusCode":500,"timestamp":"2025-08-26T08:39:12.313Z"}
{"duration":13709,"ip":"::1","level":"warn","message":"Slow request detected","method":"GET","path":"/suggest-new-products","timestamp":"2025-08-26T08:39:12.313Z"}
{"ip":"::1","level":"info","message":"Request received","method":"GET","path":"/api/user/profile","timestamp":"2025-08-26T08:51:43.677Z","userAgent":"Mozilla/5.0 (Macintosh; Intel Mac OS X 10_15_7) AppleWebKit/605.1.15 (KHTML, like Gecko) Version/26.0 Safari/605.1.15"}
{"hasToken":true,"ip":"::1","level":"info","message":"JWT authentication attempt","path":"/api/user/profile","timestamp":"2025-08-26T08:51:43.678Z"}
{"ip":"::1","level":"info","message":"Request received","method":"GET","path":"/api/products","timestamp":"2025-08-26T08:51:43.721Z","userAgent":"Mozilla/5.0 (Macintosh; Intel Mac OS X 10_15_7) AppleWebKit/605.1.15 (KHTML, like Gecko) Version/26.0 Safari/605.1.15"}
{"hasToken":true,"ip":"::1","level":"info","message":"JWT authentication attempt","path":"/api/products","timestamp":"2025-08-26T08:51:43.721Z"}
{"ip":"::1","level":"info","message":"Request received","method":"GET","path":"/api/reviews/latest","timestamp":"2025-08-26T08:51:43.723Z","userAgent":"Mozilla/5.0 (Macintosh; Intel Mac OS X 10_15_7) AppleWebKit/605.1.15 (KHTML, like Gecko) Version/26.0 Safari/605.1.15"}
{"hasToken":true,"ip":"::1","level":"info","message":"JWT authentication attempt","path":"/api/reviews/latest","timestamp":"2025-08-26T08:51:43.724Z"}
{"ip":"::1","level":"info","message":"Request received","method":"GET","path":"/api/user/cart","timestamp":"2025-08-26T08:51:43.836Z","userAgent":"Mozilla/5.0 (Macintosh; Intel Mac OS X 10_15_7) AppleWebKit/605.1.15 (KHTML, like Gecko) Version/26.0 Safari/605.1.15"}
{"hasToken":true,"ip":"::1","level":"info","message":"JWT authentication attempt","path":"/api/user/cart","timestamp":"2025-08-26T08:51:43.836Z"}
{"ip":"::1","level":"info","message":"Request received","method":"GET","path":"/api/recommendations/content-based","timestamp":"2025-08-26T08:51:43.839Z","userAgent":"Mozilla/5.0 (Macintosh; Intel Mac OS X 10_15_7) AppleWebKit/605.1.15 (KHTML, like Gecko) Version/26.0 Safari/605.1.15"}
{"hasToken":true,"ip":"::1","level":"info","message":"JWT authentication attempt","path":"/api/recommendations/content-based","timestamp":"2025-08-26T08:51:43.839Z"}
{"ip":"::1","level":"info","message":"Request received","method":"GET","path":"/api/recommendations/suggest-new-products","timestamp":"2025-08-26T08:51:43.841Z","userAgent":"Mozilla/5.0 (Macintosh; Intel Mac OS X 10_15_7) AppleWebKit/605.1.15 (KHTML, like Gecko) Version/26.0 Safari/605.1.15"}
{"hasToken":true,"ip":"::1","level":"info","message":"JWT authentication attempt","path":"/api/recommendations/suggest-new-products","timestamp":"2025-08-26T08:51:43.842Z"}
{"ip":"::1","level":"info","message":"Request received","method":"GET","path":"/api/user/purchases","timestamp":"2025-08-26T08:51:43.844Z","userAgent":"Mozilla/5.0 (Macintosh; Intel Mac OS X 10_15_7) AppleWebKit/605.1.15 (KHTML, like Gecko) Version/26.0 Safari/605.1.15"}
{"hasToken":true,"ip":"::1","level":"info","message":"JWT authentication attempt","path":"/api/user/purchases","timestamp":"2025-08-26T08:51:43.844Z"}
{"ip":"::1","level":"info","message":"Request received","method":"GET","path":"/api/user/profile","timestamp":"2025-08-26T08:51:51.986Z","userAgent":"Mozilla/5.0 (Macintosh; Intel Mac OS X 10_15_7) AppleWebKit/605.1.15 (KHTML, like Gecko) Version/26.0 Safari/605.1.15"}
{"hasToken":true,"ip":"::1","level":"info","message":"JWT authentication attempt","path":"/api/user/profile","timestamp":"2025-08-26T08:51:51.987Z"}
{"ip":"::1","level":"info","message":"Request received","method":"GET","path":"/api/user/profile","timestamp":"2025-08-26T08:51:51.995Z","userAgent":"Mozilla/5.0 (Macintosh; Intel Mac OS X 10_15_7) AppleWebKit/605.1.15 (KHTML, like Gecko) Version/26.0 Safari/605.1.15"}
{"hasToken":true,"ip":"::1","level":"info","message":"JWT authentication attempt","path":"/api/user/profile","timestamp":"2025-08-26T08:51:51.995Z"}
{"ip":"::1","level":"info","message":"Request received","method":"GET","path":"/api/user/cart","timestamp":"2025-08-26T08:51:52.100Z","userAgent":"Mozilla/5.0 (Macintosh; Intel Mac OS X 10_15_7) AppleWebKit/605.1.15 (KHTML, like Gecko) Version/26.0 Safari/605.1.15"}
{"hasToken":true,"ip":"::1","level":"info","message":"JWT authentication attempt","path":"/api/user/cart","timestamp":"2025-08-26T08:51:52.100Z"}
{"ip":"::1","level":"info","message":"Request received","method":"GET","path":"/api/user/cart","timestamp":"2025-08-26T08:51:52.102Z","userAgent":"Mozilla/5.0 (Macintosh; Intel Mac OS X 10_15_7) AppleWebKit/605.1.15 (KHTML, like Gecko) Version/26.0 Safari/605.1.15"}
{"hasToken":true,"ip":"::1","level":"info","message":"JWT authentication attempt","path":"/api/user/cart","timestamp":"2025-08-26T08:51:52.102Z"}
{"ip":"::1","level":"info","message":"Request received","method":"GET","path":"/api/user/profile","timestamp":"2025-08-26T08:51:58.850Z","userAgent":"Mozilla/5.0 (Macintosh; Intel Mac OS X 10_15_7) AppleWebKit/605.1.15 (KHTML, like Gecko) Version/26.0 Safari/605.1.15"}
{"hasToken":true,"ip":"::1","level":"info","message":"JWT authentication attempt","path":"/api/user/profile","timestamp":"2025-08-26T08:51:58.851Z"}
{"ip":"::1","level":"info","message":"Request received","method":"GET","path":"/api/user/profile","timestamp":"2025-08-26T08:51:58.852Z","userAgent":"Mozilla/5.0 (Macintosh; Intel Mac OS X 10_15_7) AppleWebKit/605.1.15 (KHTML, like Gecko) Version/26.0 Safari/605.1.15"}
{"hasToken":true,"ip":"::1","level":"info","message":"JWT authentication attempt","path":"/api/user/profile","timestamp":"2025-08-26T08:51:58.852Z"}
{"ip":"::1","level":"info","message":"Request received","method":"GET","path":"/api/user/cart","timestamp":"2025-08-26T08:51:58.957Z","userAgent":"Mozilla/5.0 (Macintosh; Intel Mac OS X 10_15_7) AppleWebKit/605.1.15 (KHTML, like Gecko) Version/26.0 Safari/605.1.15"}
{"hasToken":true,"ip":"::1","level":"info","message":"JWT authentication attempt","path":"/api/user/cart","timestamp":"2025-08-26T08:51:58.957Z"}
{"ip":"::1","level":"info","message":"Request received","method":"GET","path":"/api/user/cart","timestamp":"2025-08-26T08:51:58.959Z","userAgent":"Mozilla/5.0 (Macintosh; Intel Mac OS X 10_15_7) AppleWebKit/605.1.15 (KHTML, like Gecko) Version/26.0 Safari/605.1.15"}
{"hasToken":true,"ip":"::1","level":"info","message":"JWT authentication attempt","path":"/api/user/cart","timestamp":"2025-08-26T08:51:58.959Z"}
{"ip":"::1","level":"info","message":"Request received","method":"GET","path":"/api/user/profile","timestamp":"2025-08-26T08:52:00.328Z","userAgent":"Mozilla/5.0 (Macintosh; Intel Mac OS X 10_15_7) AppleWebKit/605.1.15 (KHTML, like Gecko) Version/26.0 Safari/605.1.15"}
{"hasToken":true,"ip":"::1","level":"info","message":"JWT authentication attempt","path":"/api/user/profile","timestamp":"2025-08-26T08:52:00.328Z"}
{"ip":"::1","level":"info","message":"Request received","method":"GET","path":"/api/user/profile","timestamp":"2025-08-26T08:52:00.855Z","userAgent":"Mozilla/5.0 (Macintosh; Intel Mac OS X 10_15_7) AppleWebKit/605.1.15 (KHTML, like Gecko) Version/26.0 Safari/605.1.15"}
{"hasToken":true,"ip":"::1","level":"info","message":"JWT authentication attempt","path":"/api/user/profile","timestamp":"2025-08-26T08:52:00.856Z"}
{"ip":"::1","level":"info","message":"Request received","method":"GET","path":"/api/user/cart","timestamp":"2025-08-26T08:52:01.355Z","userAgent":"Mozilla/5.0 (Macintosh; Intel Mac OS X 10_15_7) AppleWebKit/605.1.15 (KHTML, like Gecko) Version/26.0 Safari/605.1.15"}
{"hasToken":true,"ip":"::1","level":"info","message":"JWT authentication attempt","path":"/api/user/cart","timestamp":"2025-08-26T08:52:01.355Z"}
{"ip":"::1","level":"info","message":"Request received","method":"GET","path":"/api/products","timestamp":"2025-08-26T08:52:01.466Z","userAgent":"Mozilla/5.0 (Macintosh; Intel Mac OS X 10_15_7) AppleWebKit/605.1.15 (KHTML, like Gecko) Version/26.0 Safari/605.1.15"}
{"hasToken":true,"ip":"::1","level":"info","message":"JWT authentication attempt","path":"/api/products","timestamp":"2025-08-26T08:52:01.466Z"}
{"ip":"::1","level":"info","message":"Request received","method":"GET","path":"/api/reviews/latest","timestamp":"2025-08-26T08:52:01.856Z","userAgent":"Mozilla/5.0 (Macintosh; Intel Mac OS X 10_15_7) AppleWebKit/605.1.15 (KHTML, like Gecko) Version/26.0 Safari/605.1.15"}
{"hasToken":true,"ip":"::1","level":"info","message":"JWT authentication attempt","path":"/api/reviews/latest","timestamp":"2025-08-26T08:52:01.857Z"}
{"ip":"::1","level":"info","message":"Request received","method":"GET","path":"/api/products","timestamp":"2025-08-26T08:52:01.859Z","userAgent":"Mozilla/5.0 (Macintosh; Intel Mac OS X 10_15_7) AppleWebKit/605.1.15 (KHTML, like Gecko) Version/26.0 Safari/605.1.15"}
{"hasToken":true,"ip":"::1","level":"info","message":"JWT authentication attempt","path":"/api/products","timestamp":"2025-08-26T08:52:01.859Z"}
{"ip":"::1","level":"info","message":"Request received","method":"GET","path":"/api/reviews/latest","timestamp":"2025-08-26T08:52:01.860Z","userAgent":"Mozilla/5.0 (Macintosh; Intel Mac OS X 10_15_7) AppleWebKit/605.1.15 (KHTML, like Gecko) Version/26.0 Safari/605.1.15"}
{"hasToken":true,"ip":"::1","level":"info","message":"JWT authentication attempt","path":"/api/reviews/latest","timestamp":"2025-08-26T08:52:01.860Z"}
{"ip":"::1","level":"info","message":"Request received","method":"GET","path":"/api/user/purchases","timestamp":"2025-08-26T08:52:01.962Z","userAgent":"Mozilla/5.0 (Macintosh; Intel Mac OS X 10_15_7) AppleWebKit/605.1.15 (KHTML, like Gecko) Version/26.0 Safari/605.1.15"}
{"hasToken":true,"ip":"::1","level":"info","message":"JWT authentication attempt","path":"/api/user/purchases","timestamp":"2025-08-26T08:52:01.963Z"}
{"ip":"::1","level":"info","message":"Request received","method":"GET","path":"/api/user/cart","timestamp":"2025-08-26T08:52:02.073Z","userAgent":"Mozilla/5.0 (Macintosh; Intel Mac OS X 10_15_7) AppleWebKit/605.1.15 (KHTML, like Gecko) Version/26.0 Safari/605.1.15"}
{"hasToken":true,"ip":"::1","level":"info","message":"JWT authentication attempt","path":"/api/user/cart","timestamp":"2025-08-26T08:52:02.073Z"}
{"ip":"::1","level":"info","message":"Request received","method":"GET","path":"/api/recommendations/content-based","timestamp":"2025-08-26T08:52:02.083Z","userAgent":"Mozilla/5.0 (Macintosh; Intel Mac OS X 10_15_7) AppleWebKit/605.1.15 (KHTML, like Gecko) Version/26.0 Safari/605.1.15"}
{"hasToken":true,"ip":"::1","level":"info","message":"JWT authentication attempt","path":"/api/recommendations/content-based","timestamp":"2025-08-26T08:52:02.083Z"}
{"ip":"::1","level":"info","message":"Request received","method":"GET","path":"/api/recommendations/content-based","timestamp":"2025-08-26T08:52:02.467Z","userAgent":"Mozilla/5.0 (Macintosh; Intel Mac OS X 10_15_7) AppleWebKit/605.1.15 (KHTML, like Gecko) Version/26.0 Safari/605.1.15"}
{"hasToken":true,"ip":"::1","level":"info","message":"JWT authentication attempt","path":"/api/recommendations/content-based","timestamp":"2025-08-26T08:52:02.467Z"}
{"ip":"::1","level":"info","message":"Request received","method":"GET","path":"/api/recommendations/suggest-new-products","timestamp":"2025-08-26T08:52:02.586Z","userAgent":"Mozilla/5.0 (Macintosh; Intel Mac OS X 10_15_7) AppleWebKit/605.1.15 (KHTML, like Gecko) Version/26.0 Safari/605.1.15"}
{"hasToken":true,"ip":"::1","level":"info","message":"JWT authentication attempt","path":"/api/recommendations/suggest-new-products","timestamp":"2025-08-26T08:52:02.587Z"}
{"ip":"::1","level":"info","message":"Request received","method":"GET","path":"/api/user/purchases","timestamp":"2025-08-26T08:52:02.590Z","userAgent":"Mozilla/5.0 (Macintosh; Intel Mac OS X 10_15_7) AppleWebKit/605.1.15 (KHTML, like Gecko) Version/26.0 Safari/605.1.15"}
{"hasToken":true,"ip":"::1","level":"info","message":"JWT authentication attempt","path":"/api/user/purchases","timestamp":"2025-08-26T08:52:02.590Z"}
{"duration":10961,"ip":"::1","level":"warn","message":"Slow request detected","method":"GET","path":"/suggest-new-products","timestamp":"2025-08-26T08:52:13.547Z"}
{"ip":"::1","level":"info","message":"Request received","method":"GET","path":"/api/user/profile","timestamp":"2025-08-26T08:54:28.127Z","userAgent":"Mozilla/5.0 (Macintosh; Intel Mac OS X 10_15_7) AppleWebKit/605.1.15 (KHTML, like Gecko) Version/26.0 Safari/605.1.15"}
{"hasToken":true,"ip":"::1","level":"info","message":"JWT authentication attempt","path":"/api/user/profile","timestamp":"2025-08-26T08:54:28.128Z"}
{"ip":"::1","level":"info","message":"Request received","method":"GET","path":"/api/user/profile","timestamp":"2025-08-26T08:54:28.235Z","userAgent":"Mozilla/5.0 (Macintosh; Intel Mac OS X 10_15_7) AppleWebKit/605.1.15 (KHTML, like Gecko) Version/26.0 Safari/605.1.15"}
{"hasToken":true,"ip":"::1","level":"info","message":"JWT authentication attempt","path":"/api/user/profile","timestamp":"2025-08-26T08:54:28.235Z"}
{"ip":"::1","level":"info","message":"Request received","method":"GET","path":"/api/products","timestamp":"2025-08-26T08:54:28.238Z","userAgent":"Mozilla/5.0 (Macintosh; Intel Mac OS X 10_15_7) AppleWebKit/605.1.15 (KHTML, like Gecko) Version/26.0 Safari/605.1.15"}
{"hasToken":true,"ip":"::1","level":"info","message":"JWT authentication attempt","path":"/api/products","timestamp":"2025-08-26T08:54:28.238Z"}
{"ip":"::1","level":"info","message":"Request received","method":"GET","path":"/api/reviews/latest","timestamp":"2025-08-26T08:54:28.240Z","userAgent":"Mozilla/5.0 (Macintosh; Intel Mac OS X 10_15_7) AppleWebKit/605.1.15 (KHTML, like Gecko) Version/26.0 Safari/605.1.15"}
{"hasToken":true,"ip":"::1","level":"info","message":"JWT authentication attempt","path":"/api/reviews/latest","timestamp":"2025-08-26T08:54:28.240Z"}
{"ip":"::1","level":"info","message":"Request received","method":"GET","path":"/api/products","timestamp":"2025-08-26T08:54:28.242Z","userAgent":"Mozilla/5.0 (Macintosh; Intel Mac OS X 10_15_7) AppleWebKit/605.1.15 (KHTML, like Gecko) Version/26.0 Safari/605.1.15"}
{"hasToken":true,"ip":"::1","level":"info","message":"JWT authentication attempt","path":"/api/products","timestamp":"2025-08-26T08:54:28.242Z"}
{"ip":"::1","level":"info","message":"Request received","method":"GET","path":"/api/reviews/latest","timestamp":"2025-08-26T08:54:28.247Z","userAgent":"Mozilla/5.0 (Macintosh; Intel Mac OS X 10_15_7) AppleWebKit/605.1.15 (KHTML, like Gecko) Version/26.0 Safari/605.1.15"}
{"hasToken":true,"ip":"::1","level":"info","message":"JWT authentication attempt","path":"/api/reviews/latest","timestamp":"2025-08-26T08:54:28.247Z"}
{"ip":"::1","level":"info","message":"Request received","method":"GET","path":"/api/user/purchases","timestamp":"2025-08-26T08:54:28.405Z","userAgent":"Mozilla/5.0 (Macintosh; Intel Mac OS X 10_15_7) AppleWebKit/605.1.15 (KHTML, like Gecko) Version/26.0 Safari/605.1.15"}
{"hasToken":true,"ip":"::1","level":"info","message":"JWT authentication attempt","path":"/api/user/purchases","timestamp":"2025-08-26T08:54:28.405Z"}
{"ip":"::1","level":"info","message":"Request received","method":"GET","path":"/api/user/cart","timestamp":"2025-08-26T08:54:28.407Z","userAgent":"Mozilla/5.0 (Macintosh; Intel Mac OS X 10_15_7) AppleWebKit/605.1.15 (KHTML, like Gecko) Version/26.0 Safari/605.1.15"}
{"hasToken":true,"ip":"::1","level":"info","message":"JWT authentication attempt","path":"/api/user/cart","timestamp":"2025-08-26T08:54:28.407Z"}
{"ip":"::1","level":"info","message":"Request received","method":"GET","path":"/api/recommendations/content-based","timestamp":"2025-08-26T08:54:28.408Z","userAgent":"Mozilla/5.0 (Macintosh; Intel Mac OS X 10_15_7) AppleWebKit/605.1.15 (KHTML, like Gecko) Version/26.0 Safari/605.1.15"}
{"hasToken":true,"ip":"::1","level":"info","message":"JWT authentication attempt","path":"/api/recommendations/content-based","timestamp":"2025-08-26T08:54:28.408Z"}
{"ip":"::1","level":"info","message":"Request received","method":"GET","path":"/api/recommendations/content-based","timestamp":"2025-08-26T08:54:28.409Z","userAgent":"Mozilla/5.0 (Macintosh; Intel Mac OS X 10_15_7) AppleWebKit/605.1.15 (KHTML, like Gecko) Version/26.0 Safari/605.1.15"}
{"hasToken":true,"ip":"::1","level":"info","message":"JWT authentication attempt","path":"/api/recommendations/content-based","timestamp":"2025-08-26T08:54:28.409Z"}
{"ip":"::1","level":"info","message":"Request received","method":"GET","path":"/api/recommendations/suggest-new-products","timestamp":"2025-08-26T08:54:28.459Z","userAgent":"Mozilla/5.0 (Macintosh; Intel Mac OS X 10_15_7) AppleWebKit/605.1.15 (KHTML, like Gecko) Version/26.0 Safari/605.1.15"}
{"hasToken":true,"ip":"::1","level":"info","message":"JWT authentication attempt","path":"/api/recommendations/suggest-new-products","timestamp":"2025-08-26T08:54:28.459Z"}
{"ip":"::1","level":"info","message":"Request received","method":"GET","path":"/api/user/purchases","timestamp":"2025-08-26T08:54:28.461Z","userAgent":"Mozilla/5.0 (Macintosh; Intel Mac OS X 10_15_7) AppleWebKit/605.1.15 (KHTML, like Gecko) Version/26.0 Safari/605.1.15"}
{"hasToken":true,"ip":"::1","level":"info","message":"JWT authentication attempt","path":"/api/user/purchases","timestamp":"2025-08-26T08:54:28.461Z"}
{"ip":"::1","level":"info","message":"Request received","method":"GET","path":"/api/recommendations/suggest-new-products","timestamp":"2025-08-26T08:54:28.608Z","userAgent":"Mozilla/5.0 (Macintosh; Intel Mac OS X 10_15_7) AppleWebKit/605.1.15 (KHTML, like Gecko) Version/26.0 Safari/605.1.15"}
{"hasToken":true,"ip":"::1","level":"info","message":"JWT authentication attempt","path":"/api/recommendations/suggest-new-products","timestamp":"2025-08-26T08:54:28.609Z"}
{"ip":"::1","level":"info","message":"Request received","method":"GET","path":"/api/user/cart","timestamp":"2025-08-26T08:54:28.627Z","userAgent":"Mozilla/5.0 (Macintosh; Intel Mac OS X 10_15_7) AppleWebKit/605.1.15 (KHTML, like Gecko) Version/26.0 Safari/605.1.15"}
{"hasToken":true,"ip":"::1","level":"info","message":"JWT authentication attempt","path":"/api/user/cart","timestamp":"2025-08-26T08:54:28.627Z"}
{"duration":11915,"ip":"::1","level":"warn","message":"Error response","method":"GET","path":"/suggest-new-products","statusCode":500,"timestamp":"2025-08-26T08:54:40.375Z"}
{"duration":11915,"ip":"::1","level":"warn","message":"Slow request detected","method":"GET","path":"/suggest-new-products","timestamp":"2025-08-26T08:54:40.375Z"}
{"duration":14089,"ip":"::1","level":"warn","message":"Slow request detected","method":"GET","path":"/suggest-new-products","timestamp":"2025-08-26T08:54:42.697Z"}
{"ip":"::1","level":"info","message":"Request received","method":"GET","path":"/api/user/profile","timestamp":"2025-08-26T08:56:01.415Z","userAgent":"Mozilla/5.0 (Macintosh; Intel Mac OS X 10_15_7) AppleWebKit/605.1.15 (KHTML, like Gecko) Version/26.0 Safari/605.1.15"}
{"hasToken":true,"ip":"::1","level":"info","message":"JWT authentication attempt","path":"/api/user/profile","timestamp":"2025-08-26T08:56:01.415Z"}
{"ip":"::1","level":"info","message":"Request received","method":"GET","path":"/api/user/profile","timestamp":"2025-08-26T08:56:01.441Z","userAgent":"Mozilla/5.0 (Macintosh; Intel Mac OS X 10_15_7) AppleWebKit/605.1.15 (KHTML, like Gecko) Version/26.0 Safari/605.1.15"}
{"hasToken":true,"ip":"::1","level":"info","message":"JWT authentication attempt","path":"/api/user/profile","timestamp":"2025-08-26T08:56:01.441Z"}
{"ip":"::1","level":"info","message":"Request received","method":"GET","path":"/api/user/cart","timestamp":"2025-08-26T08:56:01.570Z","userAgent":"Mozilla/5.0 (Macintosh; Intel Mac OS X 10_15_7) AppleWebKit/605.1.15 (KHTML, like Gecko) Version/26.0 Safari/605.1.15"}
{"hasToken":true,"ip":"::1","level":"info","message":"JWT authentication attempt","path":"/api/user/cart","timestamp":"2025-08-26T08:56:01.570Z"}
{"ip":"::1","level":"info","message":"Request received","method":"GET","path":"/api/user/purchases","timestamp":"2025-08-26T08:56:01.572Z","userAgent":"Mozilla/5.0 (Macintosh; Intel Mac OS X 10_15_7) AppleWebKit/605.1.15 (KHTML, like Gecko) Version/26.0 Safari/605.1.15"}
{"hasToken":true,"ip":"::1","level":"info","message":"JWT authentication attempt","path":"/api/user/purchases","timestamp":"2025-08-26T08:56:01.573Z"}
{"ip":"::1","level":"info","message":"Request received","method":"GET","path":"/api/user/purchases","timestamp":"2025-08-26T08:56:01.574Z","userAgent":"Mozilla/5.0 (Macintosh; Intel Mac OS X 10_15_7) AppleWebKit/605.1.15 (KHTML, like Gecko) Version/26.0 Safari/605.1.15"}
{"hasToken":true,"ip":"::1","level":"info","message":"JWT authentication attempt","path":"/api/user/purchases","timestamp":"2025-08-26T08:56:01.575Z"}
{"ip":"::1","level":"info","message":"Request received","method":"GET","path":"/api/user/cart","timestamp":"2025-08-26T08:56:01.577Z","userAgent":"Mozilla/5.0 (Macintosh; Intel Mac OS X 10_15_7) AppleWebKit/605.1.15 (KHTML, like Gecko) Version/26.0 Safari/605.1.15"}
{"hasToken":true,"ip":"::1","level":"info","message":"JWT authentication attempt","path":"/api/user/cart","timestamp":"2025-08-26T08:56:01.577Z"}
{"ip":"::1","level":"info","message":"Request received","method":"GET","path":"/api/user/profile","timestamp":"2025-08-26T09:08:50.661Z","userAgent":"Mozilla/5.0 (Macintosh; Intel Mac OS X 10_15_7) AppleWebKit/605.1.15 (KHTML, like Gecko) Version/26.0 Safari/605.1.15"}
{"hasToken":true,"ip":"::1","level":"info","message":"JWT authentication attempt","path":"/api/user/profile","timestamp":"2025-08-26T09:08:50.662Z"}
{"ip":"::1","level":"info","message":"Request received","method":"GET","path":"/api/user/cart","timestamp":"2025-08-26T09:08:50.818Z","userAgent":"Mozilla/5.0 (Macintosh; Intel Mac OS X 10_15_7) AppleWebKit/605.1.15 (KHTML, like Gecko) Version/26.0 Safari/605.1.15"}
{"hasToken":true,"ip":"::1","level":"info","message":"JWT authentication attempt","path":"/api/user/cart","timestamp":"2025-08-26T09:08:50.819Z"}
{"ip":"::1","level":"info","message":"Request received","method":"GET","path":"/api/user/purchases","timestamp":"2025-08-26T09:08:50.822Z","userAgent":"Mozilla/5.0 (Macintosh; Intel Mac OS X 10_15_7) AppleWebKit/605.1.15 (KHTML, like Gecko) Version/26.0 Safari/605.1.15"}
{"hasToken":true,"ip":"::1","level":"info","message":"JWT authentication attempt","path":"/api/user/purchases","timestamp":"2025-08-26T09:08:50.822Z"}
{"ip":"::1","level":"info","message":"Request received","method":"GET","path":"/api/user/purchases","timestamp":"2025-08-26T09:09:05.313Z","userAgent":"Mozilla/5.0 (Macintosh; Intel Mac OS X 10_15_7) AppleWebKit/605.1.15 (KHTML, like Gecko) Version/26.0 Safari/605.1.15"}
{"hasToken":true,"ip":"::1","level":"info","message":"JWT authentication attempt","path":"/api/user/purchases","timestamp":"2025-08-26T09:09:05.314Z"}
{"ip":"::1","level":"info","message":"Request received","method":"GET","path":"/api/recommendations/content-based","timestamp":"2025-08-26T09:09:05.318Z","userAgent":"Mozilla/5.0 (Macintosh; Intel Mac OS X 10_15_7) AppleWebKit/605.1.15 (KHTML, like Gecko) Version/26.0 Safari/605.1.15"}
{"hasToken":true,"ip":"::1","level":"info","message":"JWT authentication attempt","path":"/api/recommendations/content-based","timestamp":"2025-08-26T09:09:05.318Z"}
{"ip":"::1","level":"info","message":"Request received","method":"GET","path":"/api/products","timestamp":"2025-08-26T09:09:05.321Z","userAgent":"Mozilla/5.0 (Macintosh; Intel Mac OS X 10_15_7) AppleWebKit/605.1.15 (KHTML, like Gecko) Version/26.0 Safari/605.1.15"}
{"hasToken":true,"ip":"::1","level":"info","message":"JWT authentication attempt","path":"/api/products","timestamp":"2025-08-26T09:09:05.322Z"}
{"ip":"::1","level":"info","message":"Request received","method":"GET","path":"/api/user/purchases","timestamp":"2025-08-26T09:09:05.324Z","userAgent":"Mozilla/5.0 (Macintosh; Intel Mac OS X 10_15_7) AppleWebKit/605.1.15 (KHTML, like Gecko) Version/26.0 Safari/605.1.15"}
{"hasToken":true,"ip":"::1","level":"info","message":"JWT authentication attempt","path":"/api/user/purchases","timestamp":"2025-08-26T09:09:05.324Z"}
{"ip":"::1","level":"info","message":"Request received","method":"GET","path":"/api/reviews/latest","timestamp":"2025-08-26T09:09:05.328Z","userAgent":"Mozilla/5.0 (Macintosh; Intel Mac OS X 10_15_7) AppleWebKit/605.1.15 (KHTML, like Gecko) Version/26.0 Safari/605.1.15"}
{"hasToken":true,"ip":"::1","level":"info","message":"JWT authentication attempt","path":"/api/reviews/latest","timestamp":"2025-08-26T09:09:05.328Z"}
{"ip":"::1","level":"info","message":"Request received","method":"GET","path":"/api/recommendations/suggest-new-products","timestamp":"2025-08-26T09:09:05.330Z","userAgent":"Mozilla/5.0 (Macintosh; Intel Mac OS X 10_15_7) AppleWebKit/605.1.15 (KHTML, like Gecko) Version/26.0 Safari/605.1.15"}
{"hasToken":true,"ip":"::1","level":"info","message":"JWT authentication attempt","path":"/api/recommendations/suggest-new-products","timestamp":"2025-08-26T09:09:05.330Z"}
{"ip":"::1","level":"info","message":"Request received","method":"GET","path":"/api/user/profile","timestamp":"2025-08-26T09:09:05.933Z","userAgent":"Mozilla/5.0 (Macintosh; Intel Mac OS X 10_15_7) AppleWebKit/605.1.15 (KHTML, like Gecko) Version/26.0 Safari/605.1.15"}
{"hasToken":true,"ip":"::1","level":"info","message":"JWT authentication attempt","path":"/api/user/profile","timestamp":"2025-08-26T09:09:05.933Z"}
{"ip":"::1","level":"info","message":"Request received","method":"GET","path":"/api/user/profile","timestamp":"2025-08-26T09:09:06.024Z","userAgent":"Mozilla/5.0 (Macintosh; Intel Mac OS X 10_15_7) AppleWebKit/605.1.15 (KHTML, like Gecko) Version/26.0 Safari/605.1.15"}
{"hasToken":true,"ip":"::1","level":"info","message":"JWT authentication attempt","path":"/api/user/profile","timestamp":"2025-08-26T09:09:06.025Z"}
{"ip":"::1","level":"info","message":"Request received","method":"GET","path":"/api/user/cart","timestamp":"2025-08-26T09:09:07.127Z","userAgent":"Mozilla/5.0 (Macintosh; Intel Mac OS X 10_15_7) AppleWebKit/605.1.15 (KHTML, like Gecko) Version/26.0 Safari/605.1.15"}
{"hasToken":true,"ip":"::1","level":"info","message":"JWT authentication attempt","path":"/api/user/cart","timestamp":"2025-08-26T09:09:07.128Z"}
{"ip":"::1","level":"info","message":"Request received","method":"GET","path":"/api/user/cart","timestamp":"2025-08-26T09:09:07.188Z","userAgent":"Mozilla/5.0 (Macintosh; Intel Mac OS X 10_15_7) AppleWebKit/605.1.15 (KHTML, like Gecko) Version/26.0 Safari/605.1.15"}
{"hasToken":true,"ip":"::1","level":"info","message":"JWT authentication attempt","path":"/api/user/cart","timestamp":"2025-08-26T09:09:07.189Z"}
{"duration":12089,"ip":"::1","level":"warn","message":"Slow request detected","method":"GET","path":"/suggest-new-products","timestamp":"2025-08-26T09:09:17.420Z"}
{"ip":"::1","level":"info","message":"Request received","method":"GET","path":"/api/recommendations/content-based","timestamp":"2025-08-26T09:09:55.323Z","userAgent":"Mozilla/5.0 (Macintosh; Intel Mac OS X 10_15_7) AppleWebKit/605.1.15 (KHTML, like Gecko) Version/26.0 Safari/605.1.15"}
{"hasToken":true,"ip":"::1","level":"info","message":"JWT authentication attempt","path":"/api/recommendations/content-based","timestamp":"2025-08-26T09:09:55.323Z"}
{"ip":"::1","level":"info","message":"Request received","method":"GET","path":"/api/recommendations/content-based","timestamp":"2025-08-26T09:09:55.329Z","userAgent":"Mozilla/5.0 (Macintosh; Intel Mac OS X 10_15_7) AppleWebKit/605.1.15 (KHTML, like Gecko) Version/26.0 Safari/605.1.15"}
{"hasToken":true,"ip":"::1","level":"info","message":"JWT authentication attempt","path":"/api/recommendations/content-based","timestamp":"2025-08-26T09:09:55.329Z"}
{"ip":"::1","level":"info","message":"Request received","method":"GET","path":"/api/products","timestamp":"2025-08-26T09:09:55.332Z","userAgent":"Mozilla/5.0 (Macintosh; Intel Mac OS X 10_15_7) AppleWebKit/605.1.15 (KHTML, like Gecko) Version/26.0 Safari/605.1.15"}
{"hasToken":true,"ip":"::1","level":"info","message":"JWT authentication attempt","path":"/api/products","timestamp":"2025-08-26T09:09:55.333Z"}
{"ip":"::1","level":"info","message":"Request received","method":"GET","path":"/api/recommendations/suggest-new-products","timestamp":"2025-08-26T09:09:55.334Z","userAgent":"Mozilla/5.0 (Macintosh; Intel Mac OS X 10_15_7) AppleWebKit/605.1.15 (KHTML, like Gecko) Version/26.0 Safari/605.1.15"}
{"hasToken":true,"ip":"::1","level":"info","message":"JWT authentication attempt","path":"/api/recommendations/suggest-new-products","timestamp":"2025-08-26T09:09:55.335Z"}
{"ip":"::1","level":"info","message":"Request received","method":"GET","path":"/api/recommendations/suggest-new-products","timestamp":"2025-08-26T09:09:55.338Z","userAgent":"Mozilla/5.0 (Macintosh; Intel Mac OS X 10_15_7) AppleWebKit/605.1.15 (KHTML, like Gecko) Version/26.0 Safari/605.1.15"}
{"hasToken":true,"ip":"::1","level":"info","message":"JWT authentication attempt","path":"/api/recommendations/suggest-new-products","timestamp":"2025-08-26T09:09:55.338Z"}
{"ip":"::1","level":"info","message":"Request received","method":"GET","path":"/api/reviews/latest","timestamp":"2025-08-26T09:09:55.339Z","userAgent":"Mozilla/5.0 (Macintosh; Intel Mac OS X 10_15_7) AppleWebKit/605.1.15 (KHTML, like Gecko) Version/26.0 Safari/605.1.15"}
{"hasToken":true,"ip":"::1","level":"info","message":"JWT authentication attempt","path":"/api/reviews/latest","timestamp":"2025-08-26T09:09:55.339Z"}
{"ip":"::1","level":"info","message":"Request received","method":"GET","path":"/api/products","timestamp":"2025-08-26T09:09:55.480Z","userAgent":"Mozilla/5.0 (Macintosh; Intel Mac OS X 10_15_7) AppleWebKit/605.1.15 (KHTML, like Gecko) Version/26.0 Safari/605.1.15"}
{"hasToken":true,"ip":"::1","level":"info","message":"JWT authentication attempt","path":"/api/products","timestamp":"2025-08-26T09:09:55.481Z"}
{"ip":"::1","level":"info","message":"Request received","method":"GET","path":"/api/reviews/latest","timestamp":"2025-08-26T09:09:55.546Z","userAgent":"Mozilla/5.0 (Macintosh; Intel Mac OS X 10_15_7) AppleWebKit/605.1.15 (KHTML, like Gecko) Version/26.0 Safari/605.1.15"}
{"hasToken":true,"ip":"::1","level":"info","message":"JWT authentication attempt","path":"/api/reviews/latest","timestamp":"2025-08-26T09:09:55.546Z"}
{"duration":9282,"ip":"::1","level":"warn","message":"Slow request detected","method":"GET","path":"/suggest-new-products","timestamp":"2025-08-26T09:10:04.617Z"}
{"duration":11428,"ip":"::1","level":"warn","message":"Slow request detected","method":"GET","path":"/suggest-new-products","timestamp":"2025-08-26T09:10:06.766Z"}
{"ip":"::1","level":"info","message":"Request received","method":"GET","path":"/api/user/purchases","timestamp":"2025-08-26T09:10:25.944Z","userAgent":"Mozilla/5.0 (Macintosh; Intel Mac OS X 10_15_7) AppleWebKit/605.1.15 (KHTML, like Gecko) Version/26.0 Safari/605.1.15"}
{"hasToken":true,"ip":"::1","level":"info","message":"JWT authentication attempt","path":"/api/user/purchases","timestamp":"2025-08-26T09:10:25.944Z"}
{"ip":"::1","level":"info","message":"Request received","method":"GET","path":"/api/recommendations/content-based","timestamp":"2025-08-26T09:10:25.945Z","userAgent":"Mozilla/5.0 (Macintosh; Intel Mac OS X 10_15_7) AppleWebKit/605.1.15 (KHTML, like Gecko) Version/26.0 Safari/605.1.15"}
{"hasToken":true,"ip":"::1","level":"info","message":"JWT authentication attempt","path":"/api/recommendations/content-based","timestamp":"2025-08-26T09:10:25.945Z"}
{"ip":"::1","level":"info","message":"Request received","method":"GET","path":"/api/user/profile","timestamp":"2025-08-26T09:10:25.947Z","userAgent":"Mozilla/5.0 (Macintosh; Intel Mac OS X 10_15_7) AppleWebKit/605.1.15 (KHTML, like Gecko) Version/26.0 Safari/605.1.15"}
{"hasToken":true,"ip":"::1","level":"info","message":"JWT authentication attempt","path":"/api/user/profile","timestamp":"2025-08-26T09:10:25.947Z"}
{"ip":"::1","level":"info","message":"Request received","method":"GET","path":"/api/recommendations/content-based","timestamp":"2025-08-26T09:10:25.948Z","userAgent":"Mozilla/5.0 (Macintosh; Intel Mac OS X 10_15_7) AppleWebKit/605.1.15 (KHTML, like Gecko) Version/26.0 Safari/605.1.15"}
{"hasToken":true,"ip":"::1","level":"info","message":"JWT authentication attempt","path":"/api/recommendations/content-based","timestamp":"2025-08-26T09:10:25.949Z"}
{"ip":"::1","level":"info","message":"Request received","method":"GET","path":"/api/products","timestamp":"2025-08-26T09:10:25.953Z","userAgent":"Mozilla/5.0 (Macintosh; Intel Mac OS X 10_15_7) AppleWebKit/605.1.15 (KHTML, like Gecko) Version/26.0 Safari/605.1.15"}
{"hasToken":true,"ip":"::1","level":"info","message":"JWT authentication attempt","path":"/api/products","timestamp":"2025-08-26T09:10:25.953Z"}
{"ip":"::1","level":"info","message":"Request received","method":"GET","path":"/api/recommendations/suggest-new-products","timestamp":"2025-08-26T09:10:25.954Z","userAgent":"Mozilla/5.0 (Macintosh; Intel Mac OS X 10_15_7) AppleWebKit/605.1.15 (KHTML, like Gecko) Version/26.0 Safari/605.1.15"}
{"hasToken":true,"ip":"::1","level":"info","message":"JWT authentication attempt","path":"/api/recommendations/suggest-new-products","timestamp":"2025-08-26T09:10:25.954Z"}
{"ip":"::1","level":"info","message":"Request received","method":"GET","path":"/api/reviews/latest","timestamp":"2025-08-26T09:10:26.055Z","userAgent":"Mozilla/5.0 (Macintosh; Intel Mac OS X 10_15_7) AppleWebKit/605.1.15 (KHTML, like Gecko) Version/26.0 Safari/605.1.15"}
{"hasToken":true,"ip":"::1","level":"info","message":"JWT authentication attempt","path":"/api/reviews/latest","timestamp":"2025-08-26T09:10:26.055Z"}
{"ip":"::1","level":"info","message":"Request received","method":"GET","path":"/api/user/purchases","timestamp":"2025-08-26T09:10:26.100Z","userAgent":"Mozilla/5.0 (Macintosh; Intel Mac OS X 10_15_7) AppleWebKit/605.1.15 (KHTML, like Gecko) Version/26.0 Safari/605.1.15"}
{"hasToken":true,"ip":"::1","level":"info","message":"JWT authentication attempt","path":"/api/user/purchases","timestamp":"2025-08-26T09:10:26.101Z"}
{"ip":"::1","level":"info","message":"Request received","method":"GET","path":"/api/products","timestamp":"2025-08-26T09:10:26.158Z","userAgent":"Mozilla/5.0 (Macintosh; Intel Mac OS X 10_15_7) AppleWebKit/605.1.15 (KHTML, like Gecko) Version/26.0 Safari/605.1.15"}
{"hasToken":true,"ip":"::1","level":"info","message":"JWT authentication attempt","path":"/api/products","timestamp":"2025-08-26T09:10:26.158Z"}
{"ip":"::1","level":"info","message":"Request received","method":"GET","path":"/api/recommendations/suggest-new-products","timestamp":"2025-08-26T09:10:26.166Z","userAgent":"Mozilla/5.0 (Macintosh; Intel Mac OS X 10_15_7) AppleWebKit/605.1.15 (KHTML, like Gecko) Version/26.0 Safari/605.1.15"}
{"hasToken":true,"ip":"::1","level":"info","message":"JWT authentication attempt","path":"/api/recommendations/suggest-new-products","timestamp":"2025-08-26T09:10:26.167Z"}
{"ip":"::1","level":"info","message":"Request received","method":"GET","path":"/api/reviews/latest","timestamp":"2025-08-26T09:10:26.245Z","userAgent":"Mozilla/5.0 (Macintosh; Intel Mac OS X 10_15_7) AppleWebKit/605.1.15 (KHTML, like Gecko) Version/26.0 Safari/605.1.15"}
{"hasToken":true,"ip":"::1","level":"info","message":"JWT authentication attempt","path":"/api/reviews/latest","timestamp":"2025-08-26T09:10:26.245Z"}
{"ip":"::1","level":"info","message":"Request received","method":"GET","path":"/api/user/profile","timestamp":"2025-08-26T09:10:26.250Z","userAgent":"Mozilla/5.0 (Macintosh; Intel Mac OS X 10_15_7) AppleWebKit/605.1.15 (KHTML, like Gecko) Version/26.0 Safari/605.1.15"}
{"hasToken":true,"ip":"::1","level":"info","message":"JWT authentication attempt","path":"/api/user/profile","timestamp":"2025-08-26T09:10:26.251Z"}
{"ip":"::1","level":"info","message":"Request received","method":"GET","path":"/api/user/cart","timestamp":"2025-08-26T09:10:26.269Z","userAgent":"Mozilla/5.0 (Macintosh; Intel Mac OS X 10_15_7) AppleWebKit/605.1.15 (KHTML, like Gecko) Version/26.0 Safari/605.1.15"}
{"hasToken":true,"ip":"::1","level":"info","message":"JWT authentication attempt","path":"/api/user/cart","timestamp":"2025-08-26T09:10:26.269Z"}
{"ip":"::1","level":"info","message":"Request received","method":"GET","path":"/api/user/cart","timestamp":"2025-08-26T09:10:26.367Z","userAgent":"Mozilla/5.0 (Macintosh; Intel Mac OS X 10_15_7) AppleWebKit/605.1.15 (KHTML, like Gecko) Version/26.0 Safari/605.1.15"}
{"hasToken":true,"ip":"::1","level":"info","message":"JWT authentication attempt","path":"/api/user/cart","timestamp":"2025-08-26T09:10:26.367Z"}
{"duration":10117,"ip":"::1","level":"warn","message":"Slow request detected","method":"GET","path":"/suggest-new-products","timestamp":"2025-08-26T09:10:36.071Z"}
{"duration":11747,"ip":"::1","level":"warn","message":"Slow request detected","method":"GET","path":"/suggest-new-products","timestamp":"2025-08-26T09:10:37.913Z"}
{"ip":"::1","level":"info","message":"Request received","method":"GET","path":"/api/user/profile","timestamp":"2025-08-26T09:10:48.342Z","userAgent":"Mozilla/5.0 (Macintosh; Intel Mac OS X 10_15_7) AppleWebKit/605.1.15 (KHTML, like Gecko) Version/26.0 Safari/605.1.15"}
{"hasToken":true,"ip":"::1","level":"info","message":"JWT authentication attempt","path":"/api/user/profile","timestamp":"2025-08-26T09:10:48.343Z"}
{"ip":"::1","level":"info","message":"Request received","method":"GET","path":"/api/user/profile","timestamp":"2025-08-26T09:10:48.376Z","userAgent":"Mozilla/5.0 (Macintosh; Intel Mac OS X 10_15_7) AppleWebKit/605.1.15 (KHTML, like Gecko) Version/26.0 Safari/605.1.15"}
{"hasToken":true,"ip":"::1","level":"info","message":"JWT authentication attempt","path":"/api/user/profile","timestamp":"2025-08-26T09:10:48.376Z"}
{"ip":"::1","level":"info","message":"Request received","method":"GET","path":"/api/products","timestamp":"2025-08-26T09:10:48.880Z","userAgent":"Mozilla/5.0 (Macintosh; Intel Mac OS X 10_15_7) AppleWebKit/605.1.15 (KHTML, like Gecko) Version/26.0 Safari/605.1.15"}
{"hasToken":true,"ip":"::1","level":"info","message":"JWT authentication attempt","path":"/api/products","timestamp":"2025-08-26T09:10:48.880Z"}
{"ip":"::1","level":"info","message":"Request received","method":"GET","path":"/api/reviews/latest","timestamp":"2025-08-26T09:10:48.882Z","userAgent":"Mozilla/5.0 (Macintosh; Intel Mac OS X 10_15_7) AppleWebKit/605.1.15 (KHTML, like Gecko) Version/26.0 Safari/605.1.15"}
{"hasToken":true,"ip":"::1","level":"info","message":"JWT authentication attempt","path":"/api/reviews/latest","timestamp":"2025-08-26T09:10:48.882Z"}
{"ip":"::1","level":"info","message":"Request received","method":"GET","path":"/api/products","timestamp":"2025-08-26T09:10:48.883Z","userAgent":"Mozilla/5.0 (Macintosh; Intel Mac OS X 10_15_7) AppleWebKit/605.1.15 (KHTML, like Gecko) Version/26.0 Safari/605.1.15"}
{"hasToken":true,"ip":"::1","level":"info","message":"JWT authentication attempt","path":"/api/products","timestamp":"2025-08-26T09:10:48.883Z"}
{"ip":"::1","level":"info","message":"Request received","method":"GET","path":"/api/reviews/latest","timestamp":"2025-08-26T09:10:48.884Z","userAgent":"Mozilla/5.0 (Macintosh; Intel Mac OS X 10_15_7) AppleWebKit/605.1.15 (KHTML, like Gecko) Version/26.0 Safari/605.1.15"}
{"hasToken":true,"ip":"::1","level":"info","message":"JWT authentication attempt","path":"/api/reviews/latest","timestamp":"2025-08-26T09:10:48.885Z"}
{"ip":"::1","level":"info","message":"Request received","method":"GET","path":"/api/user/cart","timestamp":"2025-08-26T09:10:49.997Z","userAgent":"Mozilla/5.0 (Macintosh; Intel Mac OS X 10_15_7) AppleWebKit/605.1.15 (KHTML, like Gecko) Version/26.0 Safari/605.1.15"}
{"hasToken":true,"ip":"::1","level":"info","message":"JWT authentication attempt","path":"/api/user/cart","timestamp":"2025-08-26T09:10:49.997Z"}
{"ip":"::1","level":"info","message":"Request received","method":"GET","path":"/api/user/purchases","timestamp":"2025-08-26T09:10:50.024Z","userAgent":"Mozilla/5.0 (Macintosh; Intel Mac OS X 10_15_7) AppleWebKit/605.1.15 (KHTML, like Gecko) Version/26.0 Safari/605.1.15"}
{"hasToken":true,"ip":"::1","level":"info","message":"JWT authentication attempt","path":"/api/user/purchases","timestamp":"2025-08-26T09:10:50.024Z"}
{"ip":"::1","level":"info","message":"Request received","method":"GET","path":"/api/recommendations/content-based","timestamp":"2025-08-26T09:10:50.033Z","userAgent":"Mozilla/5.0 (Macintosh; Intel Mac OS X 10_15_7) AppleWebKit/605.1.15 (KHTML, like Gecko) Version/26.0 Safari/605.1.15"}
{"hasToken":true,"ip":"::1","level":"info","message":"JWT authentication attempt","path":"/api/recommendations/content-based","timestamp":"2025-08-26T09:10:50.033Z"}
{"ip":"::1","level":"info","message":"Request received","method":"GET","path":"/api/recommendations/content-based","timestamp":"2025-08-26T09:10:50.035Z","userAgent":"Mozilla/5.0 (Macintosh; Intel Mac OS X 10_15_7) AppleWebKit/605.1.15 (KHTML, like Gecko) Version/26.0 Safari/605.1.15"}
{"hasToken":true,"ip":"::1","level":"info","message":"JWT authentication attempt","path":"/api/recommendations/content-based","timestamp":"2025-08-26T09:10:50.035Z"}
{"ip":"::1","level":"info","message":"Request received","method":"GET","path":"/api/user/purchases","timestamp":"2025-08-26T09:10:50.096Z","userAgent":"Mozilla/5.0 (Macintosh; Intel Mac OS X 10_15_7) AppleWebKit/605.1.15 (KHTML, like Gecko) Version/26.0 Safari/605.1.15"}
{"hasToken":true,"ip":"::1","level":"info","message":"JWT authentication attempt","path":"/api/user/purchases","timestamp":"2025-08-26T09:10:50.097Z"}
{"ip":"::1","level":"info","message":"Request received","method":"GET","path":"/api/recommendations/suggest-new-products","timestamp":"2025-08-26T09:10:50.140Z","userAgent":"Mozilla/5.0 (Macintosh; Intel Mac OS X 10_15_7) AppleWebKit/605.1.15 (KHTML, like Gecko) Version/26.0 Safari/605.1.15"}
{"hasToken":true,"ip":"::1","level":"info","message":"JWT authentication attempt","path":"/api/recommendations/suggest-new-products","timestamp":"2025-08-26T09:10:50.141Z"}
{"ip":"::1","level":"info","message":"Request received","method":"GET","path":"/api/recommendations/suggest-new-products","timestamp":"2025-08-26T09:10:50.733Z","userAgent":"Mozilla/5.0 (Macintosh; Intel Mac OS X 10_15_7) AppleWebKit/605.1.15 (KHTML, like Gecko) Version/26.0 Safari/605.1.15"}
{"hasToken":true,"ip":"::1","level":"info","message":"JWT authentication attempt","path":"/api/recommendations/suggest-new-products","timestamp":"2025-08-26T09:10:50.733Z"}
{"ip":"::1","level":"info","message":"Request received","method":"GET","path":"/api/user/cart","timestamp":"2025-08-26T09:10:50.738Z","userAgent":"Mozilla/5.0 (Macintosh; Intel Mac OS X 10_15_7) AppleWebKit/605.1.15 (KHTML, like Gecko) Version/26.0 Safari/605.1.15"}
{"hasToken":true,"ip":"::1","level":"info","message":"JWT authentication attempt","path":"/api/user/cart","timestamp":"2025-08-26T09:10:50.738Z"}
{"ip":"::1","level":"info","message":"Request received","method":"GET","path":"/api/user/profile","timestamp":"2025-08-26T09:11:00.299Z","userAgent":"Mozilla/5.0 (Macintosh; Intel Mac OS X 10_15_7) AppleWebKit/605.1.15 (KHTML, like Gecko) Version/26.0 Safari/605.1.15"}
{"hasToken":true,"ip":"::1","level":"info","message":"JWT authentication attempt","path":"/api/user/profile","timestamp":"2025-08-26T09:11:00.300Z"}
{"ip":"::1","level":"info","message":"Request received","method":"GET","path":"/api/products","timestamp":"2025-08-26T09:11:00.327Z","userAgent":"Mozilla/5.0 (Macintosh; Intel Mac OS X 10_15_7) AppleWebKit/605.1.15 (KHTML, like Gecko) Version/26.0 Safari/605.1.15"}
{"hasToken":true,"ip":"::1","level":"info","message":"JWT authentication attempt","path":"/api/products","timestamp":"2025-08-26T09:11:00.328Z"}
{"ip":"::1","level":"info","message":"Request received","method":"GET","path":"/api/reviews/latest","timestamp":"2025-08-26T09:11:00.330Z","userAgent":"Mozilla/5.0 (Macintosh; Intel Mac OS X 10_15_7) AppleWebKit/605.1.15 (KHTML, like Gecko) Version/26.0 Safari/605.1.15"}
{"hasToken":true,"ip":"::1","level":"info","message":"JWT authentication attempt","path":"/api/reviews/latest","timestamp":"2025-08-26T09:11:00.330Z"}
{"ip":"::1","level":"info","message":"Request received","method":"GET","path":"/api/user/profile","timestamp":"2025-08-26T09:11:00.332Z","userAgent":"Mozilla/5.0 (Macintosh; Intel Mac OS X 10_15_7) AppleWebKit/605.1.15 (KHTML, like Gecko) Version/26.0 Safari/605.1.15"}
{"hasToken":true,"ip":"::1","level":"info","message":"JWT authentication attempt","path":"/api/user/profile","timestamp":"2025-08-26T09:11:00.332Z"}
{"ip":"::1","level":"info","message":"Request received","method":"GET","path":"/api/products","timestamp":"2025-08-26T09:11:00.335Z","userAgent":"Mozilla/5.0 (Macintosh; Intel Mac OS X 10_15_7) AppleWebKit/605.1.15 (KHTML, like Gecko) Version/26.0 Safari/605.1.15"}
{"hasToken":true,"ip":"::1","level":"info","message":"JWT authentication attempt","path":"/api/products","timestamp":"2025-08-26T09:11:00.336Z"}
{"ip":"::1","level":"info","message":"Request received","method":"GET","path":"/api/reviews/latest","timestamp":"2025-08-26T09:11:00.336Z","userAgent":"Mozilla/5.0 (Macintosh; Intel Mac OS X 10_15_7) AppleWebKit/605.1.15 (KHTML, like Gecko) Version/26.0 Safari/605.1.15"}
{"hasToken":true,"ip":"::1","level":"info","message":"JWT authentication attempt","path":"/api/reviews/latest","timestamp":"2025-08-26T09:11:00.337Z"}
{"ip":"::1","level":"info","message":"Request received","method":"GET","path":"/api/user/cart","timestamp":"2025-08-26T09:11:01.493Z","userAgent":"Mozilla/5.0 (Macintosh; Intel Mac OS X 10_15_7) AppleWebKit/605.1.15 (KHTML, like Gecko) Version/26.0 Safari/605.1.15"}
{"hasToken":true,"ip":"::1","level":"info","message":"JWT authentication attempt","path":"/api/user/cart","timestamp":"2025-08-26T09:11:01.494Z"}
{"ip":"::1","level":"info","message":"Request received","method":"GET","path":"/api/user/purchases","timestamp":"2025-08-26T09:11:01.497Z","userAgent":"Mozilla/5.0 (Macintosh; Intel Mac OS X 10_15_7) AppleWebKit/605.1.15 (KHTML, like Gecko) Version/26.0 Safari/605.1.15"}
{"hasToken":true,"ip":"::1","level":"info","message":"JWT authentication attempt","path":"/api/user/purchases","timestamp":"2025-08-26T09:11:01.497Z"}
{"ip":"::1","level":"info","message":"Request received","method":"GET","path":"/api/recommendations/content-based","timestamp":"2025-08-26T09:11:01.498Z","userAgent":"Mozilla/5.0 (Macintosh; Intel Mac OS X 10_15_7) AppleWebKit/605.1.15 (KHTML, like Gecko) Version/26.0 Safari/605.1.15"}
{"hasToken":true,"ip":"::1","level":"info","message":"JWT authentication attempt","path":"/api/recommendations/content-based","timestamp":"2025-08-26T09:11:01.499Z"}
{"ip":"::1","level":"info","message":"Request received","method":"GET","path":"/api/recommendations/content-based","timestamp":"2025-08-26T09:11:01.557Z","userAgent":"Mozilla/5.0 (Macintosh; Intel Mac OS X 10_15_7) AppleWebKit/605.1.15 (KHTML, like Gecko) Version/26.0 Safari/605.1.15"}
{"hasToken":true,"ip":"::1","level":"info","message":"JWT authentication attempt","path":"/api/recommendations/content-based","timestamp":"2025-08-26T09:11:01.558Z"}
{"ip":"::1","level":"info","message":"Request received","method":"GET","path":"/api/recommendations/suggest-new-products","timestamp":"2025-08-26T09:11:01.642Z","userAgent":"Mozilla/5.0 (Macintosh; Intel Mac OS X 10_15_7) AppleWebKit/605.1.15 (KHTML, like Gecko) Version/26.0 Safari/605.1.15"}
{"hasToken":true,"ip":"::1","level":"info","message":"JWT authentication attempt","path":"/api/recommendations/suggest-new-products","timestamp":"2025-08-26T09:11:01.643Z"}
{"ip":"::1","level":"info","message":"Request received","method":"GET","path":"/api/user/purchases","timestamp":"2025-08-26T09:11:01.994Z","userAgent":"Mozilla/5.0 (Macintosh; Intel Mac OS X 10_15_7) AppleWebKit/605.1.15 (KHTML, like Gecko) Version/26.0 Safari/605.1.15"}
{"hasToken":true,"ip":"::1","level":"info","message":"JWT authentication attempt","path":"/api/user/purchases","timestamp":"2025-08-26T09:11:01.994Z"}
{"ip":"::1","level":"info","message":"Request received","method":"GET","path":"/api/user/cart","timestamp":"2025-08-26T09:11:02.217Z","userAgent":"Mozilla/5.0 (Macintosh; Intel Mac OS X 10_15_7) AppleWebKit/605.1.15 (KHTML, like Gecko) Version/26.0 Safari/605.1.15"}
{"hasToken":true,"ip":"::1","level":"info","message":"JWT authentication attempt","path":"/api/user/cart","timestamp":"2025-08-26T09:11:02.217Z"}
{"duration":9780,"ip":"::1","level":"warn","message":"Slow request detected","method":"GET","path":"/suggest-new-products","timestamp":"2025-08-26T09:11:11.423Z"}
{"ip":"::1","level":"info","message":"Request received","method":"GET","path":"/api/user/profile","timestamp":"2025-08-26T09:11:22.523Z","userAgent":"Mozilla/5.0 (Macintosh; Intel Mac OS X 10_15_7) AppleWebKit/605.1.15 (KHTML, like Gecko) Version/26.0 Safari/605.1.15"}
{"hasToken":true,"ip":"::1","level":"info","message":"JWT authentication attempt","path":"/api/user/profile","timestamp":"2025-08-26T09:11:22.524Z"}
{"ip":"::1","level":"info","message":"Request received","method":"GET","path":"/api/products","timestamp":"2025-08-26T09:11:22.552Z","userAgent":"Mozilla/5.0 (Macintosh; Intel Mac OS X 10_15_7) AppleWebKit/605.1.15 (KHTML, like Gecko) Version/26.0 Safari/605.1.15"}
{"hasToken":true,"ip":"::1","level":"info","message":"JWT authentication attempt","path":"/api/products","timestamp":"2025-08-26T09:11:22.553Z"}
{"ip":"::1","level":"info","message":"Request received","method":"GET","path":"/api/reviews/latest","timestamp":"2025-08-26T09:11:22.555Z","userAgent":"Mozilla/5.0 (Macintosh; Intel Mac OS X 10_15_7) AppleWebKit/605.1.15 (KHTML, like Gecko) Version/26.0 Safari/605.1.15"}
{"hasToken":true,"ip":"::1","level":"info","message":"JWT authentication attempt","path":"/api/reviews/latest","timestamp":"2025-08-26T09:11:22.555Z"}
{"ip":"::1","level":"info","message":"Request received","method":"GET","path":"/api/user/profile","timestamp":"2025-08-26T09:11:22.557Z","userAgent":"Mozilla/5.0 (Macintosh; Intel Mac OS X 10_15_7) AppleWebKit/605.1.15 (KHTML, like Gecko) Version/26.0 Safari/605.1.15"}
{"hasToken":true,"ip":"::1","level":"info","message":"JWT authentication attempt","path":"/api/user/profile","timestamp":"2025-08-26T09:11:22.557Z"}
{"ip":"::1","level":"info","message":"Request received","method":"GET","path":"/api/products","timestamp":"2025-08-26T09:11:22.561Z","userAgent":"Mozilla/5.0 (Macintosh; Intel Mac OS X 10_15_7) AppleWebKit/605.1.15 (KHTML, like Gecko) Version/26.0 Safari/605.1.15"}
{"hasToken":true,"ip":"::1","level":"info","message":"JWT authentication attempt","path":"/api/products","timestamp":"2025-08-26T09:11:22.562Z"}
{"ip":"::1","level":"info","message":"Request received","method":"GET","path":"/api/reviews/latest","timestamp":"2025-08-26T09:11:22.563Z","userAgent":"Mozilla/5.0 (Macintosh; Intel Mac OS X 10_15_7) AppleWebKit/605.1.15 (KHTML, like Gecko) Version/26.0 Safari/605.1.15"}
{"hasToken":true,"ip":"::1","level":"info","message":"JWT authentication attempt","path":"/api/reviews/latest","timestamp":"2025-08-26T09:11:22.563Z"}
{"ip":"::1","level":"info","message":"Request received","method":"GET","path":"/api/user/cart","timestamp":"2025-08-26T09:11:23.761Z","userAgent":"Mozilla/5.0 (Macintosh; Intel Mac OS X 10_15_7) AppleWebKit/605.1.15 (KHTML, like Gecko) Version/26.0 Safari/605.1.15"}
{"hasToken":true,"ip":"::1","level":"info","message":"JWT authentication attempt","path":"/api/user/cart","timestamp":"2025-08-26T09:11:23.761Z"}
{"ip":"::1","level":"info","message":"Request received","method":"GET","path":"/api/user/purchases","timestamp":"2025-08-26T09:11:23.764Z","userAgent":"Mozilla/5.0 (Macintosh; Intel Mac OS X 10_15_7) AppleWebKit/605.1.15 (KHTML, like Gecko) Version/26.0 Safari/605.1.15"}
{"hasToken":true,"ip":"::1","level":"info","message":"JWT authentication attempt","path":"/api/user/purchases","timestamp":"2025-08-26T09:11:23.764Z"}
{"ip":"::1","level":"info","message":"Request received","method":"GET","path":"/api/recommendations/content-based","timestamp":"2025-08-26T09:11:23.827Z","userAgent":"Mozilla/5.0 (Macintosh; Intel Mac OS X 10_15_7) AppleWebKit/605.1.15 (KHTML, like Gecko) Version/26.0 Safari/605.1.15"}
{"hasToken":true,"ip":"::1","level":"info","message":"JWT authentication attempt","path":"/api/recommendations/content-based","timestamp":"2025-08-26T09:11:23.828Z"}
{"ip":"::1","level":"info","message":"Request received","method":"GET","path":"/api/recommendations/content-based","timestamp":"2025-08-26T09:11:23.850Z","userAgent":"Mozilla/5.0 (Macintosh; Intel Mac OS X 10_15_7) AppleWebKit/605.1.15 (KHTML, like Gecko) Version/26.0 Safari/605.1.15"}
{"hasToken":true,"ip":"::1","level":"info","message":"JWT authentication attempt","path":"/api/recommendations/content-based","timestamp":"2025-08-26T09:11:23.851Z"}
{"ip":"::1","level":"info","message":"Request received","method":"GET","path":"/api/recommendations/suggest-new-products","timestamp":"2025-08-26T09:11:24.259Z","userAgent":"Mozilla/5.0 (Macintosh; Intel Mac OS X 10_15_7) AppleWebKit/605.1.15 (KHTML, like Gecko) Version/26.0 Safari/605.1.15"}
{"hasToken":true,"ip":"::1","level":"info","message":"JWT authentication attempt","path":"/api/recommendations/suggest-new-products","timestamp":"2025-08-26T09:11:24.259Z"}
{"ip":"::1","level":"info","message":"Request received","method":"GET","path":"/api/user/purchases","timestamp":"2025-08-26T09:11:24.260Z","userAgent":"Mozilla/5.0 (Macintosh; Intel Mac OS X 10_15_7) AppleWebKit/605.1.15 (KHTML, like Gecko) Version/26.0 Safari/605.1.15"}
{"hasToken":true,"ip":"::1","level":"info","message":"JWT authentication attempt","path":"/api/user/purchases","timestamp":"2025-08-26T09:11:24.260Z"}
{"ip":"::1","level":"info","message":"Request received","method":"GET","path":"/api/recommendations/suggest-new-products","timestamp":"2025-08-26T09:11:24.528Z","userAgent":"Mozilla/5.0 (Macintosh; Intel Mac OS X 10_15_7) AppleWebKit/605.1.15 (KHTML, like Gecko) Version/26.0 Safari/605.1.15"}
{"hasToken":true,"ip":"::1","level":"info","message":"JWT authentication attempt","path":"/api/recommendations/suggest-new-products","timestamp":"2025-08-26T09:11:24.529Z"}
{"ip":"::1","level":"info","message":"Request received","method":"GET","path":"/api/user/cart","timestamp":"2025-08-26T09:11:24.530Z","userAgent":"Mozilla/5.0 (Macintosh; Intel Mac OS X 10_15_7) AppleWebKit/605.1.15 (KHTML, like Gecko) Version/26.0 Safari/605.1.15"}
{"hasToken":true,"ip":"::1","level":"info","message":"JWT authentication attempt","path":"/api/user/cart","timestamp":"2025-08-26T09:11:24.531Z"}
{"duration":11082,"ip":"::1","level":"warn","message":"Slow request detected","method":"GET","path":"/suggest-new-products","timestamp":"2025-08-26T09:11:35.341Z"}
{"duration":11633,"ip":"::1","level":"warn","message":"Slow request detected","method":"GET","path":"/suggest-new-products","timestamp":"2025-08-26T09:11:36.161Z"}
